2026-01-02 17:37:22.579 | INFO     | src.scraper.transcriber:process_video:210 - Detected YouTube ID: dQw4w9WgXcQ. Checking for existing transcripts and metadata...
Testing YouTube extraction...
YouTube ID: dQw4w9WgXcQ
fetch_youtube_transcript returned metadata for: None
Result length: 2119
Result snippet: [Source: YouTube Transcript]

[â™ªâ™ªâ™ª] â™ª We're no strangers to love â™ª â™ª You know the rules
and so do I â™ª â™ª A full commitment's
what I'm thinking of â™ª â™ª You wouldn't get this
from any other guy â™ª â™ª I just...
Testing analysis pipeline...
Fetch done.
â•­â”€â”€â”€â”€ Crew Execution Started â”€â”€â”€â”€â”€â•®
â”‚                                 â”‚
â”‚  Crew Execution Started         â”‚
â”‚  Name: crew                     â”‚
â”‚  ID:                            â”‚
â”‚  7b18b50e-acc1-4fc9-9f8f-3589c  â”‚
â”‚  de98949                        â”‚
â”‚  Tool Args:                     â”‚
â”‚                                 â”‚
â”‚                                 â”‚
â•°â”€â”€â”€â”€â”€â”€â”€â”€â”€â”€â”€â”€â”€â”€â”€â”€â”€â”€â”€â”€â”€â”€â”€â”€â”€â”€â”€â”€â”€â”€â”€â”€â”€â•¯

ğŸš€ Crew: crew
â””â”€â”€ ğŸ“‹ Task: 
    3760119a-a326-4aa2-bb36-e071a93
    c457a
    Status: Executing Task...â•­â”€â”€â”€â”€â”€â”€â”€ ğŸ¤– Agent Started â”€â”€â”€â”€â”€â”€â”€â”€â•®
â”‚                                 â”‚
â”‚  Agent: Information Analyst     â”‚
â”‚                                 â”‚
â”‚  Task: Assess the credibility   â”‚
â”‚  of this source:                â”‚
â”‚  Title: Google                  â”‚
â”‚  Type: webpage                  â”‚
â”‚  URL: https://www.google.com    â”‚
â”‚  Metadata: {                    â”‚
â”‚    "author": null,              â”‚
â”‚    "publish_date": null         â”‚
â”‚  }                              â”‚
â”‚                                 â”‚
â”‚  Content preview:               â”‚
â”‚  â€ªEnglish (United Kingdom)â€¬       â”‚
â”‚                                 â”‚
â”‚  â€ªEnglish (United Kingdom)â€¬       â”‚
â”‚                                 â”‚
â”‚  â€ªEnglish (United States)â€¬        â”‚
â”‚                                 â”‚
â”‚  â€ªEspaÃ±ol (LatinoamÃ©rica)â€¬        â”‚
â”‚                                 â”‚
â”‚  â€ªPortuguÃªs (Portugal)â€¬           â”‚
â”‚                                 â”‚
â”‚  Innan du fortsÃ¤tter till       â”‚
â”‚  Google                         â”‚
â”‚                                 â”‚
â”‚  leverera och underhÃ¥lla        â”‚
â”‚  Googles tjÃ¤nster               â”‚
â”‚                                 â”‚
â”‚  spÃ¥ra avbrott och skydda mot   â”‚
â”‚  spam, bedrÃ¤geri och otillÃ¥ten  â”‚
â”‚  anvÃ¤ndning                     â”‚
â”‚                                 â”‚
â”‚  mÃ¤ta mÃ¥lgruppsengagemang och   â”‚
â”‚  webbplatsstatistik sÃ¥ att vi   â”‚
â”‚  kan analysera hur vÃ¥ra         â”‚
â”‚  tjÃ¤nster anvÃ¤nds och           â”‚
â”‚  fÃ¶rbÃ¤ttra tjÃ¤nsternas          â”‚
â”‚  kvalitet.                      â”‚
â”‚                                 â”‚
â”‚  utveckla och fÃ¶rbÃ¤ttra nya     â”‚
â”‚  tjÃ¤nster                       â”‚
â”‚                                 â”‚
â”‚  leverera annonser och mÃ¤ta     â”‚
â”‚  hur effektiva de Ã¤r            â”‚
â”‚                                 â”‚
â”‚  visa anpassat innehÃ¥ll         â”‚
â”‚  utifrÃ¥n dina instÃ¤llningar     â”‚
â”‚                                 â”‚
â”‚  visa anpassade annonser        â”‚
â”‚  utifrÃ¥n dina instÃ¤llningar     â”‚
â”‚                                 â”‚
â”‚  Evaluate:                      â”‚
â”‚  1. Source credibility          â”‚
â”‚  (high/medium/low/unknown)      â”‚
â”‚  2. Reasoning for your          â”‚
â”‚  assessment                     â”‚
â”‚  3. Potential biases you can    â”‚
â”‚  identify                       â”‚
â”‚                                 â”‚
â”‚  Return as JSON with:           â”‚
â”‚  - credibility: "high",         â”‚
â”‚  "medium", "low", or "unknown"  â”‚
â”‚  - reasoning: string            â”‚
â”‚  explaining your assessment     â”‚
â”‚  - potential_biases: array of   â”‚
â”‚  identified biases              â”‚
â”‚                                 â”‚
â•°â”€â”€â”€â”€â”€â”€â”€â”€â”€â”€â”€â”€â”€â”€â”€â”€â”€â”€â”€â”€â”€â”€â”€â”€â”€â”€â”€â”€â”€â”€â”€â”€â”€â•¯


âŒ Crew: crew
â””â”€â”€ ğŸ“‹ Task: 
    3760119a-a326-4aa2-bb36-e071a93
    c457a
    Assigned to: Information 
    Analyst
    Status: âŒ Failed
    â””â”€â”€ âŒ LLM Failedâ•­â”€â”€â”€â”€â”€â”€â”€â”€â”€â”€â”€ LLM Error â”€â”€â”€â”€â”€â”€â”€â”€â”€â”€â”€â•®
â”‚                                 â”‚
â”‚  âŒ LLM Call Failed             â”‚
â”‚  Error:                         â”‚
â”‚  litellm.AuthenticationError:   â”‚
â”‚  AuthenticationError:           â”‚
â”‚  OpenrouterException -          â”‚
â”‚  {"error":{"message":"No        â”‚
â”‚  cookie auth credentials        â”‚
â”‚  found","code":401}}            â”‚
â”‚                                 â”‚
â•°â”€â”€â”€â”€â”€â”€â”€â”€â”€â”€â”€â”€â”€â”€â”€â”€â”€â”€â”€â”€â”€â”€â”€â”€â”€â”€â”€â”€â”€â”€â”€â”€â”€â•¯

â•­â”€â”€â”€â”€â”€â”€â”€â”€â”€ Crew Failure â”€â”€â”€â”€â”€â”€â”€â”€â”€â”€â•®
â”‚                                 â”‚
â”‚  Crew Execution Failed          â”‚
â”‚  Name: crew                     â”‚
â”‚  ID:                            â”‚
â”‚  7b18b50e-acc1-4fc9-9f8f-3589c  â”‚
â”‚  de98949                        â”‚
â”‚  Tool Args:                     â”‚
â”‚  Final Output:                  â”‚
â”‚                                 â”‚
â”‚                                 â”‚
â•°â”€â”€â”€â”€â”€â”€â”€â”€â”€â”€â”€â”€â”€â”€â”€â”€â”€â”€â”€â”€â”€â”€â”€â”€â”€â”€â”€â”€â”€â”€â”€â”€â”€â•¯
â•­â”€â”€â”€â”€â”€â”€â”€â”€â”€ Task Failure â”€â”€â”€â”€â”€â”€â”€â”€â”€â”€â•®
â”‚                                 â”‚
â”‚  Task Failed                    â”‚
â”‚  Name:                          â”‚
â”‚  3760119a-a326-4aa2-bb36-e071a  â”‚
â”‚  93c457a                        â”‚
â”‚  Agent: Information Analyst     â”‚
â”‚  Tool Args:                     â”‚
â”‚                                 â”‚
â”‚                                 â”‚
â•°â”€â”€â”€â”€â”€â”€â”€â”€â”€â”€â”€â”€â”€â”€â”€â”€â”€â”€â”€â”€â”€â”€â”€â”€â”€â”€â”€â”€â”€â”€â”€â”€â”€â•¯
Traceback (most recent call last):
  File "/mnt/data/dev/scrapeset/.venv/lib/python3.10/site-packages/litellm/llms/custom_httpx/llm_http_handler.py", line 216, in _make_common_sync_call
    response = sync_httpx_client.post(
  File "/mnt/data/dev/scrapeset/.venv/lib/python3.10/site-packages/litellm/llms/custom_httpx/http_handler.py", line 950, in post
    raise e
  File "/mnt/data/dev/scrapeset/.venv/lib/python3.10/site-packages/litellm/llms/custom_httpx/http_handler.py", line 932, in post
    response.raise_for_status()
  File "/mnt/data/dev/scrapeset/.venv/lib/python3.10/site-packages/httpx/_models.py", line 829, in raise_for_status
    raise HTTPStatusError(message, request=request, response=self)
httpx.HTTPStatusError: Client error '401 Unauthorized' for url 'https://openrouter.ai/api/v1/chat/completions'
For more information check: https://developer.mozilla.org/en-US/docs/Web/HTTP/Status/401

During handling of the above exception, another exception occurred:

Traceback (most recent call last):
  File "/mnt/data/dev/scrapeset/.venv/lib/python3.10/site-packages/litellm/main.py", line 2942, in completion
    response = base_llm_http_handler.completion(
  File "/mnt/data/dev/scrapeset/.venv/lib/python3.10/site-packages/litellm/llms/custom_httpx/llm_http_handler.py", line 519, in completion
    response = self._make_common_sync_call(
  File "/mnt/data/dev/scrapeset/.venv/lib/python3.10/site-packages/litellm/llms/custom_httpx/llm_http_handler.py", line 241, in _make_common_sync_call
    raise self._handle_error(e=e, provider_config=provider_config)
  File "/mnt/data/dev/scrapeset/.venv/lib/python3.10/site-packages/litellm/llms/custom_httpx/llm_http_handler.py", line 3601, in _handle_error
    raise provider_config.get_error_class(
litellm.llms.openrouter.common_utils.OpenRouterException: {"error":{"message":"No cookie auth credentials found","code":401}}

During handling of the above exception, another exception occurred:

Traceback (most recent call last):
  File "/mnt/data/dev/scrapeset/tests/verify_analysis.py", line 48, in <module>
    asyncio.run(test_analysis_pipeline())
  File "/usr/lib/python3.10/asyncio/runners.py", line 44, in run
    return loop.run_until_complete(main)
  File "/usr/lib/python3.10/asyncio/base_events.py", line 649, in run_until_complete
    return future.result()
  File "/mnt/data/dev/scrapeset/tests/verify_analysis.py", line 35, in test_analysis_pipeline
    summary_result = crew.run_step("summary", {"content_data": fetch_result})
  File "/mnt/data/dev/scrapeset/src/analysis/crew.py", line 124, in run_step
    source_output = self._run_single_task("analyzer", source_task)
  File "/mnt/data/dev/scrapeset/src/analysis/crew.py", line 84, in _run_single_task
    result = crew.kickoff()
  File "/mnt/data/dev/scrapeset/.venv/lib/python3.10/site-packages/crewai/crew.py", line 714, in kickoff
    result = self._run_sequential_process()
  File "/mnt/data/dev/scrapeset/.venv/lib/python3.10/site-packages/crewai/crew.py", line 1073, in _run_sequential_process
    return self._execute_tasks(self.tasks)
  File "/mnt/data/dev/scrapeset/.venv/lib/python3.10/site-packages/crewai/crew.py", line 1159, in _execute_tasks
    task_output = task.execute_sync(
  File "/mnt/data/dev/scrapeset/.venv/lib/python3.10/site-packages/crewai/task.py", line 458, in execute_sync
    return self._execute_core(agent, context, tools)
  File "/mnt/data/dev/scrapeset/.venv/lib/python3.10/site-packages/crewai/task.py", line 695, in _execute_core
    raise e  # Re-raise the exception after emitting the event
  File "/mnt/data/dev/scrapeset/.venv/lib/python3.10/site-packages/crewai/task.py", line 626, in _execute_core
    result = agent.execute_task(
  File "/mnt/data/dev/scrapeset/.venv/lib/python3.10/site-packages/crewai/agent/core.py", line 411, in execute_task
    raise e
  File "/mnt/data/dev/scrapeset/.venv/lib/python3.10/site-packages/crewai/agent/core.py", line 389, in execute_task
    result = self._execute_without_timeout(task_prompt, task)
  File "/mnt/data/dev/scrapeset/.venv/lib/python3.10/site-packages/crewai/agent/core.py", line 485, in _execute_without_timeout
    return self.agent_executor.invoke(
  File "/mnt/data/dev/scrapeset/.venv/lib/python3.10/site-packages/crewai/agents/crew_agent_executor.py", line 192, in invoke
    formatted_answer = self._invoke_loop()
  File "/mnt/data/dev/scrapeset/.venv/lib/python3.10/site-packages/crewai/agents/crew_agent_executor.py", line 291, in _invoke_loop
    raise e
  File "/mnt/data/dev/scrapeset/.venv/lib/python3.10/site-packages/crewai/agents/crew_agent_executor.py", line 233, in _invoke_loop
    answer = get_llm_response(
  File "/mnt/data/dev/scrapeset/.venv/lib/python3.10/site-packages/crewai/utilities/agent_utils.py", line 276, in get_llm_response
    raise e
  File "/mnt/data/dev/scrapeset/.venv/lib/python3.10/site-packages/crewai/utilities/agent_utils.py", line 268, in get_llm_response
    answer = llm.call(
  File "/mnt/data/dev/scrapeset/.venv/lib/python3.10/site-packages/crewai/llm.py", line 1669, in call
    result = self._handle_non_streaming_response(
  File "/mnt/data/dev/scrapeset/.venv/lib/python3.10/site-packages/crewai/llm.py", line 1150, in _handle_non_streaming_response
    response = litellm.completion(**params)
  File "/mnt/data/dev/scrapeset/.venv/lib/python3.10/site-packages/litellm/utils.py", line 1382, in wrapper
    raise e
  File "/mnt/data/dev/scrapeset/.venv/lib/python3.10/site-packages/litellm/utils.py", line 1251, in wrapper
    result = original_function(*args, **kwargs)
  File "/mnt/data/dev/scrapeset/.venv/lib/python3.10/site-packages/litellm/main.py", line 3973, in completion
    raise exception_type(
  File "/mnt/data/dev/scrapeset/.venv/lib/python3.10/site-packages/litellm/litellm_core_utils/exception_mapping_utils.py", line 2329, in exception_type
    raise e
  File "/mnt/data/dev/scrapeset/.venv/lib/python3.10/site-packages/litellm/litellm_core_utils/exception_mapping_utils.py", line 2200, in exception_type
    raise AuthenticationError(
litellm.exceptions.AuthenticationError: litellm.AuthenticationError: AuthenticationError: OpenrouterException - {"error":{"message":"No cookie auth credentials found","code":401}}


â•­â”€â”€â”€â”€â”€â”€â”€â”€ Tracing Status â”€â”€â”€â”€â”€â”€â”€â”€â”€â•®
â”‚                                 â”‚
â”‚  Info: Tracing is disabled.     â”‚
â”‚                                 â”‚
â”‚  To enable tracing, do any one  â”‚
â”‚  of these:                      â”‚
â”‚  â€¢ Set tracing=True in your     â”‚
â”‚  Crew/Flow code                 â”‚
â”‚  â€¢ Set                          â”‚
â”‚  CREWAI_TRACING_ENABLED=true    â”‚
â”‚  in your project's .env file    â”‚
â”‚  â€¢ Run: crewai traces enable    â”‚
â”‚                                 â”‚
â•°â”€â”€â”€â”€â”€â”€â”€â”€â”€â”€â”€â”€â”€â”€â”€â”€â”€â”€â”€â”€â”€â”€â”€â”€â”€â”€â”€â”€â”€â”€â”€â”€â”€â•¯
